2021-12-05 10:46:40 ERROR DataProviderCsv:537 - java.io.FileNotFoundException: .\src\main\resources\csv\account.csv (Не удается найти указанный файл)
2021-12-05 10:46:40 ERROR DataProviderCsv:537 - java.io.FileNotFoundException: .\src\main\resources\csv\masteraccount.csv (Не удается найти указанный файл)
2021-12-05 10:46:40 ERROR DataProviderCsv:537 - java.io.FileNotFoundException: .\src\main\resources\csv\rating.csv (Не удается найти указанный файл)
2021-12-05 10:46:41 ERROR DataProviderCsv:537 - java.io.FileNotFoundException: .\src\main\resources\csv\shedules.csv (Не удается найти указанный файл)
2021-12-05 10:46:41 ERROR DataProviderCsv:537 - java.io.FileNotFoundException: .\src\main\resources\csv\customeraccount.csv (Не удается найти указанный файл)
2021-12-05 11:22:55 ERROR DataProviderCsv:537 - java.io.FileNotFoundException: .\src\main\resources\csv\account.csv (Не удается найти указанный файл)
2021-12-05 11:22:56 ERROR DataProviderCsv:537 - java.io.FileNotFoundException: .\src\main\resources\csv\masteraccount.csv (Не удается найти указанный файл)
2021-12-05 11:22:56 ERROR DataProviderCsv:537 - java.io.FileNotFoundException: .\src\main\resources\csv\rating.csv (Не удается найти указанный файл)
2021-12-05 11:22:56 ERROR DataProviderCsv:537 - java.io.FileNotFoundException: .\src\main\resources\csv\shedules.csv (Не удается найти указанный файл)
2021-12-05 11:22:56 ERROR DataProviderCsv:537 - java.io.FileNotFoundException: .\src\main\resources\csv\customeraccount.csv (Не удается найти указанный файл)
2021-12-05 11:25:29 ERROR DataProviderCsv:537 - java.io.FileNotFoundException: .\src\main\resources\csv\customeraccount.csv (Не удается найти указанный файл)
2021-12-05 11:25:29 ERROR DataProviderCsv:537 - java.io.FileNotFoundException: .\src\main\resources\csv\shedule.csv (Не удается найти указанный файл)
2021-12-05 11:25:29 ERROR DataProviderCsv:537 - java.io.FileNotFoundException: .\src\main\resources\csv\workplace.csv (Не удается найти указанный файл)
2021-12-05 11:52:15 ERROR DataProviderCsv:537 - java.io.FileNotFoundException: .\src\main\resources\csv\account.csv (Не удается найти указанный файл)
2021-12-05 11:52:15 ERROR DataProviderCsv:537 - java.io.FileNotFoundException: .\src\main\resources\csv\customeraccount.csv (Не удается найти указанный файл)
2021-12-05 11:52:15 ERROR DataProviderCsv:537 - java.io.FileNotFoundException: .\src\main\resources\csv\masteraccount.csv (Не удается найти указанный файл)
2021-12-05 11:52:15 ERROR DataProviderCsv:537 - java.io.FileNotFoundException: .\src\main\resources\csv\rating.csv (Не удается найти указанный файл)
2021-12-05 11:52:15 ERROR DataProviderCsv:537 - java.io.FileNotFoundException: .\src\main\resources\csv\shedules.csv (Не удается найти указанный файл)
2021-12-05 11:52:16 ERROR DataProviderCsv:537 - java.io.FileNotFoundException: .\src\main\resources\csv\shedule.csv (Не удается найти указанный файл)
2021-12-05 11:52:16 ERROR DataProviderCsv:537 - java.io.FileNotFoundException: .\src\main\resources\csv\workplace.csv (Не удается найти указанный файл)
2021-12-05 11:53:26 ERROR DataProviderCsv:537 - java.io.FileNotFoundException: .\src\main\resources\csv\account.csv (Не удается найти указанный файл)
2021-12-05 11:53:27 ERROR DataProviderCsv:537 - java.io.FileNotFoundException: .\src\main\resources\csv\customeraccount.csv (Не удается найти указанный файл)
2021-12-05 11:53:27 ERROR DataProviderCsv:537 - java.io.FileNotFoundException: .\src\main\resources\csv\masteraccount.csv (Не удается найти указанный файл)
2021-12-05 11:53:27 ERROR DataProviderCsv:537 - java.io.FileNotFoundException: .\src\main\resources\csv\rating.csv (Не удается найти указанный файл)
2021-12-05 11:53:27 ERROR DataProviderCsv:537 - java.io.FileNotFoundException: .\src\main\resources\csv\shedules.csv (Не удается найти указанный файл)
2021-12-05 11:53:27 ERROR DataProviderCsv:537 - java.io.FileNotFoundException: .\src\main\resources\csv\shedule.csv (Не удается найти указанный файл)
2021-12-05 11:53:27 ERROR DataProviderCsv:537 - java.io.FileNotFoundException: .\src\main\resources\csv\workplace.csv (Не удается найти указанный файл)
2021-12-05 11:53:28 DEBUG DataProviderCsv:115 - Rating{id=4, masterId=2, customerId=0, masterRating=PERFECT, customerRating=null}
2021-12-05 11:54:15 ERROR DataProviderCsv:537 - java.io.FileNotFoundException: .\src\main\resources\csv\account.csv (Не удается найти указанный файл)
2021-12-05 11:54:15 ERROR DataProviderCsv:537 - java.io.FileNotFoundException: .\src\main\resources\csv\customeraccount.csv (Не удается найти указанный файл)
2021-12-05 11:54:15 ERROR DataProviderCsv:537 - java.io.FileNotFoundException: .\src\main\resources\csv\masteraccount.csv (Не удается найти указанный файл)
2021-12-05 11:54:15 ERROR DataProviderCsv:537 - java.io.FileNotFoundException: .\src\main\resources\csv\rating.csv (Не удается найти указанный файл)
2021-12-05 11:54:15 ERROR DataProviderCsv:537 - java.io.FileNotFoundException: .\src\main\resources\csv\shedules.csv (Не удается найти указанный файл)
2021-12-05 11:54:15 ERROR DataProviderCsv:537 - java.io.FileNotFoundException: .\src\main\resources\csv\shedule.csv (Не удается найти указанный файл)
2021-12-05 11:54:16 ERROR DataProviderCsv:537 - java.io.FileNotFoundException: .\src\main\resources\csv\workplace.csv (Не удается найти указанный файл)
2021-12-05 11:54:16 DEBUG DataProviderCsv:115 - Rating{id=4, masterId=2, customerId=0, masterRating=PERFECT, customerRating=null}
2021-12-05 11:54:16 DEBUG DataProviderCsv:115 - Rating{id=6, masterId=2, customerId=0, masterRating=NORMAL, customerRating=null}
2021-12-05 15:58:00 DEBUG DataProviderCsv:115 - Rating{id=8, masterId=2, customerId=0, masterRating=PERFECT, customerRating=null}
2021-12-05 15:58:01 DEBUG DataProviderCsv:115 - Rating{id=10, masterId=2, customerId=0, masterRating=NORMAL, customerRating=null}
